<?xml version="1.0" encoding="UTF-8"?>
<!--suppress DuplicatedBeanNamesInspection -->
<beans xmlns="http://www.springframework.org/schema/beans"
			 xmlns:i="http://www.springframework.org/schema/integration"
			 xmlns:util="http://www.springframework.org/schema/util"
			 xmlns:xsi="http://www.w3.org/2001/XMLSchema-instance"
			 xsi:schemaLocation="
           http://www.springframework.org/schema/beans http://www.springframework.org/schema/beans/spring-beans.xsd
           http://www.springframework.org/schema/integration http://www.springframework.org/schema/integration/spring-integration.xsd
           http://www.springframework.org/schema/util http://www.springframework.org/schema/util/spring-util.xsd
       ">
	<import resource="home-dinner-flow.xml"/>

	<util:map id="conf">
		<entry key="recipebook.location" value="#{recipeBookLocation.root}"/>
	</util:map>

	<bean id="recipeBookLocation" class="org.junit.rules.TemporaryFolder" init-method="create" destroy-method="delete"/>
</beans>